#
# A fatal error has been detected by the Java Runtime Environment:
#
#  SIGSEGV (0xb) at pc=0x0000000112168336, pid=68481, tid=259
#
# JRE version: Java(TM) SE Runtime Environment (8.0_31-b13) (build 1.8.0_31-b13)
# Java VM: Java HotSpot(TM) 64-Bit Server VM (25.31-b07 mixed mode bsd-amd64 compressed oops)
# Problematic frame:
# C  [Scintilla+0xf336]  -[SCIContentView adjustScroll:]+0xa3
#
# Failed to write core dump. Core dumps have been disabled. To enable core dumping, try "ulimit -c unlimited" before starting Java again
#
# If you would like to submit a bug report, please visit:
#   http://bugreport.java.com/bugreport/crash.jsp
# The crash happened outside the Java Virtual Machine in native code.
# See problematic frame for where to report the bug.
#

---------------  T H R E A D  ---------------

Current thread (0x00007f80f4857000):  JavaThread "main" [_thread_in_native, id=259, stack(0x000000030fde4000,0x00000003105e4000)]

siginfo: si_signo: 11 (SIGSEGV), si_code: 1 (SEGV_MAPERR), si_addr: 0x0000000000000218

Registers:
RAX=0x00007f80f48a5200, RBX=0x00000003105df2b0, RCX=0x0000000000000000, RDX=0x0000000000000000
RSP=0x00000003105df220, RBP=0x00000003105df260, RSI=0x00000000000008e7, RDI=0x00007f80f48a5200
R8 =0x0000000000000000, R9 =0x0000000000000000, R10=0x0000000106a5e058, R11=0x000000011216abfb
R12=0x00000000000002d4, R13=0x00007ff81d41f1c0, R14=0x00007f80f40dcaa0, R15=0x0000000000000230
RIP=0x0000000112168336, EFLAGS=0x0000000000000246, ERR=0x0000000000000004
  TRAPNO=0x000000000000000e

Top of Stack: (sp=0x00000003105df220)
0x00000003105df220:   3ff0000000000000 4087a00000000000
0x00000003105df230:   0000000000000000 0000000000000000
0x00000003105df240:   40a04e0000000000 4099800000000000
0x00000003105df250:   00000003105df2b0 00007f80f4043430
0x00000003105df260:   00000003105df340 00007ff820932919
0x00000003105df270:   0000000000000000 4087a00000000000
0x00000003105df280:   4096880000000000 4087700000000000
0x00000003105df290:   0000000000000000 4087a00000000000
0x00000003105df2a0:   4096880000000000 4087700000000000
0x00000003105df2b0:   0000000000000000 4087a00000000000
0x00000003105df2c0:   4096880000000000 4087700000000000
0x00000003105df2d0:   0000000000000000 4087a00000000000
0x00000003105df2e0:   0000000000000000 4087a00000000000
0x00000003105df2f0:   4096880000000000 4087700000000000
0x00000003105df300:   0000000000000000 4087a00000000000
0x00000003105df310:   00000003105df370 00007f80f48d1000
0x00000003105df320:   00007ff83b5425ec 00006000036e9cb0
0x00000003105df330:   00000000000002f8 0000000000000230
0x00000003105df340:   00000003105df3b0 00007ff820b43f1a
0x00000003105df350:   00000003105df390 00007ff81d42971f
0x00000003105df360:   0000000000000000 4087a00000000000
0x00000003105df370:   0000000000000000 4087a00000000000
0x00000003105df380:   4096880000000000 4087700000000000
0x00000003105df390:   00000003105df3d0 00007f80f48d1000
0x00000003105df3a0:   00000000000000a8 0000000000000000
0x00000003105df3b0:   00000003105df3d0 00007ff820977416
0x00000003105df3c0:   0000000000000002 0000000200000003
0x00000003105df3d0:   00000003105df4f0 00007ff82090ab86
0x00000003105df3e0:   ffffffffffffffff 0000600003b04dc0
0x00000003105df3f0:   00006000036e9cd0 0000000000000000
0x00000003105df400:   0000000000000000 0000000000000000
0x00000003105df410:   0000000000000000 0000000000000000 

Instructions: (pc=0x0000000112168336)
0x0000000112168316:   8b 35 a4 bc 08 00 f2 0f 11 55 c8 ff 15 21 5e 08
0x0000000112168326:   00 4c 8b 00 be e7 08 00 00 31 d2 31 c9 48 89 c7
0x0000000112168336:   41 ff 90 18 02 00 00 f2 0f 5a 45 c8 0f 57 c9 f3
0x0000000112168346:   48 0f 2a c8 f3 0f 11 4d c8 f3 0f 5e c1 e8 9e 87 

Register to memory mapping:

RAX=0x00007f80f48a5200 is an unknown value
RBX=0x00000003105df2b0 is pointing into the stack for thread: 0x00007f80f4857000
RCX=0x0000000000000000 is an unknown value
RDX=0x0000000000000000 is an unknown value
RSP=0x00000003105df220 is pointing into the stack for thread: 0x00007f80f4857000
RBP=0x00000003105df260 is pointing into the stack for thread: 0x00007f80f4857000
RSI=0x00000000000008e7 is an unknown value
RDI=0x00007f80f48a5200 is an unknown value
R8 =0x0000000000000000 is an unknown value
R9 =0x0000000000000000 is an unknown value
R10=0x0000000106a5e058: <offset 0x1d79058> in /Applications/Stata/StataMP.app/Contents/MacOS/StataMP at 0x0000000104ce5000
R11=0x000000011216abfb: -[ScintillaView backend]+0 in /Applications/Stata/StataMP.app/Contents/Frameworks/Scintilla.framework/Versions/A/Scintilla at 0x0000000112159000
R12=0x00000000000002d4 is an unknown value
R13=0x00007ff81d41f1c0: objc_msgSend+0 in /usr/lib/libobjc.A.dylib at 0x00007ff81d418000
R14=0x00007f80f40dcaa0 is an unknown value
R15=0x0000000000000230 is an unknown value


Stack: [0x000000030fde4000,0x00000003105e4000],  sp=0x00000003105df220,  free space=8172k
Native frames: (J=compiled Java code, j=interpreted, Vv=VM code, C=native code)
C  [Scintilla+0xf336]  -[SCIContentView adjustScroll:]+0xa3
C  [AppKit+0xaf919]  -[NSClipView _scrollTo:animateScroll:flashScrollerKnobs:]+0x221
C  [AppKit+0x2c0f1a]  -[NSScrollView removeFromSuperview]+0x6f
C  [AppKit+0xf4416]  -[NSView removeFromSuperviewWithoutNeedingDisplay]+0x24
C  [AppKit+0x87b86]  -[NSView _finalize]+0x3b0
C  [AppKit+0x8769f]  -[NSView dealloc]+0x77
C  [Scintilla+0x105d3]  -[ScintillaView dealloc]+0x83
C  [StataMP+0xbf56b8]  icu_54::CollationIterator::nextCE(UErrorCode&)+0xa4e6d8
C  [StataMP+0xbc6a87]  icu_54::CollationIterator::nextCE(UErrorCode&)+0xa1faa7
C  [libobjc.A.dylib+0x277c6]  objc_object::sidetable_release(bool, bool)+0x112
C  [CoreFoundation+0x46b00]  -[__NSSingleObjectArrayI dealloc]+0x35
C  [libobjc.A.dylib+0x277c6]  objc_object::sidetable_release(bool, bool)+0x112
C  [libobjc.A.dylib+0xda52]  AutoreleasePoolPage::releaseUntil(objc_object**)+0xa8
C  [libobjc.A.dylib+0xa8ff]  objc_autoreleasePoolPop+0xe3
C  [Foundation+0x4103b]  -[NSOperation start]+0x478
C  [Foundation+0x40bb7]  __NSOPERATIONQUEUE_IS_STARTING_AN_OPERATION__+0x11
C  [Foundation+0x40a83]  __NSOQSchedule_f+0xb6
C  [libdispatch.dylib+0xff3d]  _dispatch_block_async_invoke2+0x53
C  [libdispatch.dylib+0x2a44]  _dispatch_client_callout+0x8
C  [libdispatch.dylib+0xf7b9]  _dispatch_main_queue_drain+0x3b8
C  [libdispatch.dylib+0xf3f3]  _dispatch_main_queue_callback_4CF+0x1f
C  [CoreFoundation+0xbd44d]  __CFRUNLOOP_IS_SERVICING_THE_MAIN_DISPATCH_QUEUE__+0x9
C  [CoreFoundation+0x7dedb]  __CFRunLoopRun+0x9c2
C  [CoreFoundation+0x7ce9f]  CFRunLoopRunSpecific+0x230
C  [HIToolbox+0x2fbd6]  RunCurrentEventLoopInMode+0x124
C  [HIToolbox+0x2f9e6]  ReceiveNextEventCommon+0x2a7
C  [HIToolbox+0x2f723]  _BlockUntilNextEventMatchingListInModeWithFilter+0x46
C  [AppKit+0x3eb37]  _DPSNextEvent+0x38d
C  [AppKit+0x3d9b8]  -[NSApplication(NSEvent) _nextEventMatchingEventMask:untilDate:inMode:dequeue:]+0x4c3
C  [StataMP+0x246905]  icu_54::CollationIterator::nextCE(UErrorCode&)+0x9f925
C  [StataMP+0x246a44]  icu_54::CollationIterator::nextCE(UErrorCode&)+0x9fa64
C  [StataMP+0x246de6]  icu_54::CollationIterator::nextCE(UErrorCode&)+0x9fe06
C  [StataMP+0x93ae41]  icu_54::CollationIterator::nextCE(UErrorCode&)+0x793e61
C  0x000060000364cc00


---------------  P R O C E S S  ---------------

Java Threads: ( => current thread )
  0x00007f80f4a09000 JavaThread "Service Thread" daemon [_thread_blocked, id=10255, stack(0x0000000312570000,0x0000000312770000)]
  0x00007f80e405f800 JavaThread "C1 CompilerThread3" daemon [_thread_blocked, id=96783, stack(0x000000031246d000,0x000000031256d000)]
  0x00007f80e406a000 JavaThread "C2 CompilerThread2" daemon [_thread_blocked, id=75639, stack(0x000000031236a000,0x000000031246a000)]
  0x00007f810498f000 JavaThread "C2 CompilerThread1" daemon [_thread_blocked, id=94483, stack(0x0000000312267000,0x0000000312367000)]
  0x00007f8104853000 JavaThread "C2 CompilerThread0" daemon [_thread_blocked, id=132155, stack(0x0000000312164000,0x0000000312264000)]
  0x00007f8104881800 JavaThread "Signal Dispatcher" daemon [_thread_blocked, id=71175, stack(0x0000000311f61000,0x0000000312161000)]
  0x00007f8104897800 JavaThread "Surrogate Locker Thread (Concurrent GC)" daemon [_thread_blocked, id=77879, stack(0x0000000311d5e000,0x0000000311f5e000)]
  0x00007f8104a33000 JavaThread "Finalizer" daemon [_thread_blocked, id=72211, stack(0x0000000311b5b000,0x0000000311d5b000)]
  0x00007f80f49c1800 JavaThread "Reference Handler" daemon [_thread_blocked, id=80451, stack(0x0000000311958000,0x0000000311b58000)]
=>0x00007f80f4857000 JavaThread "main" [_thread_in_native, id=259, stack(0x000000030fde4000,0x00000003105e4000)]

Other Threads:
  0x00007f8104894000 VMThread [stack: 0x0000000311855000,0x0000000311955000] [id=106503]
  0x00007f8104a34000 WatcherThread [stack: 0x0000000312773000,0x0000000312873000] [id=4615]

VM state:not at safepoint (normal execution)

VM Mutex/Monitor currently owned by a thread: None

Heap:
 par new generation   total 4928K, used 2943K [0x00000007a8000000, 0x00000007a8550000, 0x00000007b0000000)
  eden space 4416K,  58% used [0x00000007a8000000, 0x00000007a8286b50, 0x00000007a8450000)
  from space 512K,  69% used [0x00000007a8450000, 0x00000007a84a9380, 0x00000007a84d0000)
  to   space 512K,   0% used [0x00000007a84d0000, 0x00000007a84d0000, 0x00000007a8550000)
 concurrent mark-sweep generation total 10944K, used 976K [0x00000007b0000000, 0x00000007b0ab0000, 0x00000007c0000000)
 Metaspace       used 3204K, capacity 4664K, committed 4864K, reserved 1056768K
  class space    used 334K, capacity 424K, committed 512K, reserved 1048576K

Card table byte_map: [0x00000001225c9000,0x000000012268a000] byte_map_base: 0x000000011e889000

Marking Bits: (CMSBitMap*) 0x00007f80f4969948
 Bits: [0x000000012733a000, 0x000000012773a000)

Mod Union Table: (CMSBitMap*) 0x00007f80f4969a08
 Bits: [0x00000001211d4000, 0x00000001211e4000)

Polling page: 0x0000000120bf3000

CodeCache: size=245760Kb used=1889Kb max_used=1889Kb free=243870Kb
 bounds [0x000000012c5f5000, 0x000000012c865000, 0x000000013b5f5000]
 total_blobs=501 nmethods=255 adapters=162
 compilation: enabled

Compilation events (10 events):
Event: 36962.475 Thread 0x00007f80e405f800  251       3       java.nio.Buffer::flip (20 bytes)
Event: 36962.475 Thread 0x00007f80e405f800 nmethod 251 0x000000012c7a2790 code [0x000000012c7a28e0, 0x000000012c7a2a50]
Event: 36962.475 Thread 0x00007f80e405f800  252       3       java.nio.ByteBuffer::hasArray (20 bytes)
Event: 36962.475 Thread 0x00007f80e405f800 nmethod 252 0x000000012c7ccd90 code [0x000000012c7ccf00, 0x000000012c7cd0f0]
Event: 36962.477 Thread 0x00007f80e405f800  253       3       java.nio.charset.Charset::atBugLevel (44 bytes)
Event: 36962.478 Thread 0x00007f80e405f800 nmethod 253 0x000000012c7cd150 code [0x000000012c7cd300, 0x000000012c7cd898]
Event: 36962.478 Thread 0x00007f80e405f800  254       3       sun.nio.cs.ISO_8859_1$Decoder::decodeLoop (28 bytes)
Event: 36962.478 Thread 0x00007f80e405f800 nmethod 254 0x000000012c7cda50 code [0x000000012c7cdc00, 0x000000012c7ce138]
Event: 36962.543 Thread 0x00007f80e405f800  255       3       java.nio.CharBuffer::array (35 bytes)
Event: 36962.543 Thread 0x00007f80e405f800 nmethod 255 0x000000012c7ce290 code [0x000000012c7ce420, 0x000000012c7ce6d8]

GC Heap History (10 events):
Event: 36623.097 GC heap before
{Heap before GC invocations=11 (full 0):
 par new generation   total 4928K, used 4776K [0x00000007a8000000, 0x00000007a8550000, 0x00000007b0000000)
  eden space 4416K, 100% used [0x00000007a8000000, 0x00000007a8450000, 0x00000007a8450000)
  from space 512K,  70% used [0x00000007a84d0000, 0x00000007a852a3a0, 0x00000007a8550000)
  to   space 512K,   0% used [0x00000007a8450000, 0x00000007a8450000, 0x00000007a84d0000)
 concurrent mark-sweep generation total 10944K, used 975K [0x00000007b0000000, 0x00000007b0ab0000, 0x00000007c0000000)
 Metaspace       used 3193K, capacity 4664K, committed 4864K, reserved 1056768K
  class space    used 334K, capacity 424K, committed 512K, reserved 1048576K
Event: 36623.098 GC heap after
Heap after GC invocations=12 (full 0):
 par new generation   total 4928K, used 362K [0x00000007a8000000, 0x00000007a8550000, 0x00000007b0000000)
  eden space 4416K,   0% used [0x00000007a8000000, 0x00000007a8000000, 0x00000007a8450000)
  from space 512K,  70% used [0x00000007a8450000, 0x00000007a84aabb0, 0x00000007a84d0000)
  to   space 512K,   0% used [0x00000007a84d0000, 0x00000007a84d0000, 0x00000007a8550000)
 concurrent mark-sweep generation total 10944K, used 975K [0x00000007b0000000, 0x00000007b0ab0000, 0x00000007c0000000)
 Metaspace       used 3193K, capacity 4664K, committed 4864K, reserved 1056768K
  class space    used 334K, capacity 424K, committed 512K, reserved 1048576K
}
Event: 36717.258 GC heap before
{Heap before GC invocations=12 (full 0):
 par new generation   total 4928K, used 4778K [0x00000007a8000000, 0x00000007a8550000, 0x00000007b0000000)
  eden space 4416K, 100% used [0x00000007a8000000, 0x00000007a8450000, 0x00000007a8450000)
  from space 512K,  70% used [0x00000007a8450000, 0x00000007a84aabb0, 0x00000007a84d0000)
  to   space 512K,   0% used [0x00000007a84d0000, 0x00000007a84d0000, 0x00000007a8550000)
 concurrent mark-sweep generation total 10944K, used 975K [0x00000007b0000000, 0x00000007b0ab0000, 0x00000007c0000000)
 Metaspace       used 3198K, capacity 4664K, committed 4864K, reserved 1056768K
  class space    used 334K, capacity 424K, committed 512K, reserved 1048576K
Event: 36717.260 GC heap after
Heap after GC invocations=13 (full 0):
 par new generation   total 4928K, used 360K [0x00000007a8000000, 0x00000007a8550000, 0x00000007b0000000)
  eden space 4416K,   0% used [0x00000007a8000000, 0x00000007a8000000, 0x00000007a8450000)
  from space 512K,  70% used [0x00000007a84d0000, 0x00000007a852a3a0, 0x00000007a8550000)
  to   space 512K,   0% used [0x00000007a8450000, 0x00000007a8450000, 0x00000007a84d0000)
 concurrent mark-sweep generation total 10944K, used 975K [0x00000007b0000000, 0x00000007b0ab0000, 0x00000007c0000000)
 Metaspace       used 3198K, capacity 4664K, committed 4864K, reserved 1056768K
  class space    used 334K, capacity 424K, committed 512K, reserved 1048576K
}
Event: 36728.181 GC heap before
{Heap before GC invocations=13 (full 0):
 par new generation   total 4928K, used 4776K [0x00000007a8000000, 0x00000007a8550000, 0x00000007b0000000)
  eden space 4416K, 100% used [0x00000007a8000000, 0x00000007a8450000, 0x00000007a8450000)
  from space 512K,  70% used [0x00000007a84d0000, 0x00000007a852a3a0, 0x00000007a8550000)
  to   space 512K,   0% used [0x00000007a8450000, 0x00000007a8450000, 0x00000007a84d0000)
 concurrent mark-sweep generation total 10944K, used 975K [0x00000007b0000000, 0x00000007b0ab0000, 0x00000007c0000000)
 Metaspace       used 3200K, capacity 4664K, committed 4864K, reserved 1056768K
  class space    used 334K, capacity 424K, committed 512K, reserved 1048576K
Event: 36728.183 GC heap after
Heap after GC invocations=14 (full 0):
 par new generation   total 4928K, used 358K [0x00000007a8000000, 0x00000007a8550000, 0x00000007b0000000)
  eden space 4416K,   0% used [0x00000007a8000000, 0x00000007a8000000, 0x00000007a8450000)
  from space 512K,  70% used [0x00000007a8450000, 0x00000007a84a9b90, 0x00000007a84d0000)
  to   space 512K,   0% used [0x00000007a84d0000, 0x00000007a84d0000, 0x00000007a8550000)
 concurrent mark-sweep generation total 10944K, used 976K [0x00000007b0000000, 0x00000007b0ab0000, 0x00000007c0000000)
 Metaspace       used 3200K, capacity 4664K, committed 4864K, reserved 1056768K
  class space    used 334K, capacity 424K, committed 512K, reserved 1048576K
}
Event: 36838.713 GC heap before
{Heap before GC invocations=14 (full 0):
 par new generation   total 4928K, used 4774K [0x00000007a8000000, 0x00000007a8550000, 0x00000007b0000000)
  eden space 4416K, 100% used [0x00000007a8000000, 0x00000007a8450000, 0x00000007a8450000)
  from space 512K,  70% used [0x00000007a8450000, 0x00000007a84a9b90, 0x00000007a84d0000)
  to   space 512K,   0% used [0x00000007a84d0000, 0x00000007a84d0000, 0x00000007a8550000)
 concurrent mark-sweep generation total 10944K, used 976K [0x00000007b0000000, 0x00000007b0ab0000, 0x00000007c0000000)
 Metaspace       used 3200K, capacity 4664K, committed 4864K, reserved 1056768K
  class space    used 334K, capacity 424K, committed 512K, reserved 1048576K
Event: 36838.724 GC heap after
Heap after GC invocations=15 (full 0):
 par new generation   total 4928K, used 356K [0x00000007a8000000, 0x00000007a8550000, 0x00000007b0000000)
  eden space 4416K,   0% used [0x00000007a8000000, 0x00000007a8000000, 0x00000007a8450000)
  from space 512K,  69% used [0x00000007a84d0000, 0x00000007a8529380, 0x00000007a8550000)
  to   space 512K,   0% used [0x00000007a8450000, 0x00000007a8450000, 0x00000007a84d0000)
 concurrent mark-sweep generation total 10944K, used 976K [0x00000007b0000000, 0x00000007b0ab0000, 0x00000007c0000000)
 Metaspace       used 3200K, capacity 4664K, committed 4864K, reserved 1056768K
  class space    used 334K, capacity 424K, committed 512K, reserved 1048576K
}
Event: 36962.480 GC heap before
{Heap before GC invocations=15 (full 0):
 par new generation   total 4928K, used 4772K [0x00000007a8000000, 0x00000007a8550000, 0x00000007b0000000)
  eden space 4416K, 100% used [0x00000007a8000000, 0x00000007a8450000, 0x00000007a8450000)
  from space 512K,  69% used [0x00000007a84d0000, 0x00000007a8529380, 0x00000007a8550000)
  to   space 512K,   0% used [0x00000007a8450000, 0x00000007a8450000, 0x00000007a84d0000)
 concurrent mark-sweep generation total 10944K, used 976K [0x00000007b0000000, 0x00000007b0ab0000, 0x00000007c0000000)
 Metaspace       used 3204K, capacity 4664K, committed 4864K, reserved 1056768K
  class space    used 334K, capacity 424K, committed 512K, reserved 1048576K
Event: 36962.481 GC heap after
Heap after GC invocations=16 (full 0):
 par new generation   total 4928K, used 356K [0x00000007a8000000, 0x00000007a8550000, 0x00000007b0000000)
  eden space 4416K,   0% used [0x00000007a8000000, 0x00000007a8000000, 0x00000007a8450000)
  from space 512K,  69% used [0x00000007a8450000, 0x00000007a84a9380, 0x00000007a84d0000)
  to   space 512K,   0% used [0x00000007a84d0000, 0x00000007a84d0000, 0x00000007a8550000)
 concurrent mark-sweep generation total 10944K, used 976K [0x00000007b0000000, 0x00000007b0ab0000, 0x00000007c0000000)
 Metaspace       used 3204K, capacity 4664K, committed 4864K, reserved 1056768K
  class space    used 334K, capacity 424K, committed 512K, reserved 1048576K
}

Deoptimization events (0 events):
No events

Internal exceptions (10 events):
Event: 0.134 Thread 0x00007f80f4857000 Exception <a 'java/security/PrivilegedActionException'> (0x00000007a80f0ae8) thrown at [/Users/java_re/workspace/8-2-build-macosx-x86_64/jdk8u31/2394/hotspot/src/share/vm/prims/jvm.cpp, line 1312]
Event: 0.135 Thread 0x00007f80f4857000 Exception <a 'java/security/PrivilegedActionException'> (0x00000007a80f5620) thrown at [/Users/java_re/workspace/8-2-build-macosx-x86_64/jdk8u31/2394/hotspot/src/share/vm/prims/jvm.cpp, line 1312]
Event: 0.136 Thread 0x00007f80f4857000 Exception <a 'java/security/PrivilegedActionException'> (0x00000007a80f88b8) thrown at [/Users/java_re/workspace/8-2-build-macosx-x86_64/jdk8u31/2394/hotspot/src/share/vm/prims/jvm.cpp, line 1312]
Event: 0.137 Thread 0x00007f80f4857000 Exception <a 'java/security/PrivilegedActionException'> (0x00000007a80fc258) thrown at [/Users/java_re/workspace/8-2-build-macosx-x86_64/jdk8u31/2394/hotspot/src/share/vm/prims/jvm.cpp, line 1312]
Event: 0.141 Thread 0x00007f80f4857000 Exception <a 'java/security/PrivilegedActionException'> (0x00000007a8104588) thrown at [/Users/java_re/workspace/8-2-build-macosx-x86_64/jdk8u31/2394/hotspot/src/share/vm/prims/jvm.cpp, line 1312]
Event: 0.142 Thread 0x00007f80f4857000 Exception <a 'java/security/PrivilegedActionException'> (0x00000007a810af18) thrown at [/Users/java_re/workspace/8-2-build-macosx-x86_64/jdk8u31/2394/hotspot/src/share/vm/prims/jvm.cpp, line 1312]
Event: 0.159 Thread 0x00007f80f4857000 Exception <a 'java/security/PrivilegedActionException'> (0x00000007a812c5f8) thrown at [/Users/java_re/workspace/8-2-build-macosx-x86_64/jdk8u31/2394/hotspot/src/share/vm/prims/jvm.cpp, line 1312]
Event: 0.162 Thread 0x00007f80f4857000 Exception <a 'java/security/PrivilegedActionException'> (0x00000007a81377d8) thrown at [/Users/java_re/workspace/8-2-build-macosx-x86_64/jdk8u31/2394/hotspot/src/share/vm/prims/jvm.cpp, line 1312]
Event: 0.164 Thread 0x00007f80f4857000 Exception <a 'java/security/PrivilegedActionException'> (0x00000007a813d738) thrown at [/Users/java_re/workspace/8-2-build-macosx-x86_64/jdk8u31/2394/hotspot/src/share/vm/prims/jvm.cpp, line 1312]
Event: 0.165 Thread 0x00007f80f4857000 Exception <a 'java/security/PrivilegedActionException'> (0x00000007a8143d10) thrown at [/Users/java_re/workspace/8-2-build-macosx-x86_64/jdk8u31/2394/hotspot/src/share/vm/prims/jvm.cpp, line 1312]

Events (10 events):
Event: 36838.724 Executing VM operation: BulkRevokeBias
Event: 36838.724 Executing VM operation: BulkRevokeBias done
Event: 36962.480 Executing VM operation: GenCollectForAllocation
Event: 36962.481 Executing VM operation: GenCollectForAllocation done
Event: 36962.481 Executing VM operation: RevokeBias
Event: 36962.481 Executing VM operation: RevokeBias done
Event: 36962.481 Executing VM operation: RevokeBias
Event: 36962.482 Executing VM operation: RevokeBias done
Event: 36962.482 Executing VM operation: RevokeBias
Event: 36962.482 Executing VM operation: RevokeBias done


Dynamic libraries:
0x0000000112159000 	/Applications/Stata/StataMP.app/Contents/Frameworks/Scintilla.framework/Versions/A/Scintilla
0x000000001d3c0000 	/System/Library/Frameworks/ApplicationServices.framework/Versions/A/ApplicationServices
0x000000001d3c0000 	/System/Library/Frameworks/CoreGraphics.framework/Versions/A/CoreGraphics
0x000000001d3c0000 	/System/Library/Frameworks/CoreText.framework/Versions/A/CoreText
0x000000001d3c0000 	/System/Library/Frameworks/ImageIO.framework/Versions/A/ImageIO
0x000000001d3c0000 	/System/Library/Frameworks/ColorSync.framework/Versions/A/ColorSync
0x000000001d3c0000 	/System/Library/Frameworks/ApplicationServices.framework/Versions/A/Frameworks/ATS.framework/Versions/A/ATS
0x000000001d3c0000 	/System/Library/Frameworks/CoreServices.framework/Versions/A/CoreServices
0x000000001d3c0000 	/System/Library/Frameworks/ApplicationServices.framework/Versions/A/Frameworks/HIServices.framework/Versions/A/HIServices
0x000000001d3c0000 	/System/Library/Frameworks/ApplicationServices.framework/Versions/A/Frameworks/PrintCore.framework/Versions/A/PrintCore
0x000000001d3c0000 	/System/Library/Frameworks/ApplicationServices.framework/Versions/A/Frameworks/QD.framework/Versions/A/QD
0x000000001d3c0000 	/System/Library/Frameworks/ApplicationServices.framework/Versions/A/Frameworks/ColorSyncLegacy.framework/Versions/A/ColorSyncLegacy
0x000000001d3c0000 	/System/Library/Frameworks/ApplicationServices.framework/Versions/A/Frameworks/SpeechSynthesis.framework/Versions/A/SpeechSynthesis
0x000000001d3c0000 	/usr/lib/libSystem.B.dylib
0x000000001d3c0000 	/System/Library/PrivateFrameworks/SkyLight.framework/Versions/A/SkyLight
0x000000001d3c0000 	/System/Library/PrivateFrameworks/FontServices.framework/libFontParser.dylib
0x000000001d3c0000 	/System/Library/Frameworks/Accelerate.framework/Versions/A/Accelerate
0x000000001d3c0000 	/System/Library/Frameworks/IOSurface.framework/Versions/A/IOSurface
0x000000001d3c0000 	/usr/lib/libxml2.2.dylib
0x000000001d3c0000 	/System/Library/Frameworks/CFNetwork.framework/Versions/A/CFNetwork
0x000000001d3c0000 	/System/Library/Frameworks/CoreFoundation.framework/Versions/A/CoreFoundation
0x000000001d3c0000 	/usr/lib/libz.1.dylib
0x000000001d3c0000 	/System/Library/Frameworks/Foundation.framework/Versions/C/Foundation
0x000000001d3c0000 	/usr/lib/libobjc.A.dylib
0x000000001d3c0000 	/usr/lib/libc++.1.dylib
0x000000001d3c0000 	/System/Library/PrivateFrameworks/RunningBoardServices.framework/Versions/A/RunningBoardServices
0x000000001d3c0000 	/usr/lib/libMobileGestalt.dylib
0x000000001d3c0000 	/System/Library/PrivateFrameworks/IOSurfaceAccelerator.framework/Versions/A/IOSurfaceAccelerator
0x000000001d3c0000 	/System/Library/PrivateFrameworks/WatchdogClient.framework/Versions/A/WatchdogClient
0x000000001d3c0000 	/usr/lib/libcompression.dylib
0x000000001d3c0000 	/usr/lib/libDiagnosticMessagesClient.dylib
0x000000001d3c0000 	/System/Library/Frameworks/SystemConfiguration.framework/Versions/A/SystemConfiguration
0x000000001d3c0000 	/System/Library/Frameworks/CoreDisplay.framework/Versions/A/CoreDisplay
0x000000001d3c0000 	/System/Library/Frameworks/CoreMedia.framework/Versions/A/CoreMedia
0x000000001d3c0000 	/System/Library/PrivateFrameworks/IOAccelerator.framework/Versions/A/IOAccelerator
0x000000001d3c0000 	/System/Library/Frameworks/IOKit.framework/Versions/A/IOKit
0x000000001d3c0000 	/System/Library/Frameworks/Metal.framework/Versions/A/Metal
0x000000001d3c0000 	/System/Library/Frameworks/CoreVideo.framework/Versions/A/CoreVideo
0x000000001d3c0000 	/System/Library/Frameworks/MetalPerformanceShaders.framework/Versions/A/MetalPerformanceShaders
0x000000001d3c0000 	/System/Library/PrivateFrameworks/MultitouchSupport.framework/Versions/A/MultitouchSupport
0x000000001d3c0000 	/System/Library/Frameworks/Security.framework/Versions/A/Security
0x000000001d3c0000 	/System/Library/Frameworks/QuartzCore.framework/Versions/A/QuartzCore
0x000000001d3c0000 	/usr/lib/libbsm.0.dylib
0x000000001d3c0000 	/System/Library/PrivateFrameworks/SoftLinking.framework/Versions/A/SoftLinking
0x000000001d3c0000 	/System/Library/PrivateFrameworks/CoreAnalytics.framework/Versions/A/CoreAnalytics
0x000000001d3c0000 	/System/Library/Frameworks/VideoToolbox.framework/Versions/A/VideoToolbox
0x000000001d3c0000 	/System/Library/PrivateFrameworks/BaseBoard.framework/Versions/A/BaseBoard
0x000000001d3c0000 	/System/Library/Frameworks/CoreServices.framework/Versions/A/Frameworks/FSEvents.framework/Versions/A/FSEvents
0x000000001d3c0000 	/System/Library/Frameworks/CoreServices.framework/Versions/A/Frameworks/CarbonCore.framework/Versions/A/CarbonCore
0x000000001d3c0000 	/System/Library/Frameworks/CoreServices.framework/Versions/A/Frameworks/Metadata.framework/Versions/A/Metadata
0x000000001d3c0000 	/System/Library/Frameworks/CoreServices.framework/Versions/A/Frameworks/OSServices.framework/Versions/A/OSServices
0x000000001d3c0000 	/System/Library/Frameworks/CoreServices.framework/Versions/A/Frameworks/SearchKit.framework/Versions/A/SearchKit
0x000000001d3c0000 	/System/Library/Frameworks/CoreServices.framework/Versions/A/Frameworks/AE.framework/Versions/A/AE
0x000000001d3c0000 	/System/Library/Frameworks/CoreServices.framework/Versions/A/Frameworks/LaunchServices.framework/Versions/A/LaunchServices
0x000000001d3c0000 	/System/Library/Frameworks/CoreServices.framework/Versions/A/Frameworks/DictionaryServices.framework/Versions/A/DictionaryServices
0x000000001d3c0000 	/System/Library/Frameworks/CoreServices.framework/Versions/A/Frameworks/SharedFileList.framework/Versions/A/SharedFileList
0x000000001d3c0000 	/usr/lib/libapple_nghttp2.dylib
0x000000001d3c0000 	/usr/lib/libicucore.A.dylib
0x000000001d3c0000 	/usr/lib/libnetwork.dylib
0x000000001d3c0000 	/usr/lib/libsqlite3.dylib
0x000000001d3c0000 	/System/Library/Frameworks/Network.framework/Versions/A/Network
0x000000001d3c0000 	/System/Library/PrivateFrameworks/CoreServicesInternal.framework/Versions/A/CoreServicesInternal
0x000000001d3c0000 	/usr/lib/liboah.dylib
0x000000001d3c0000 	/usr/lib/libfakelink.dylib
0x000000001d3c0000 	/usr/lib/libc++abi.dylib
0x000000001d3c0000 	/usr/lib/system/libcache.dylib
0x000000001d3c0000 	/usr/lib/system/libcommonCrypto.dylib
0x000000001d3c0000 	/usr/lib/system/libcompiler_rt.dylib
0x000000001d3c0000 	/usr/lib/system/libcopyfile.dylib
0x000000001d3c0000 	/usr/lib/system/libcorecrypto.dylib
0x000000001d3c0000 	/usr/lib/system/libdispatch.dylib
0x000000001d3c0000 	/usr/lib/system/libdyld.dylib
0x000000001d3c0000 	/usr/lib/system/libkeymgr.dylib
0x000000001d3c0000 	/usr/lib/system/libmacho.dylib
0x000000001d3c0000 	/usr/lib/system/libquarantine.dylib
0x000000001d3c0000 	/usr/lib/system/libremovefile.dylib
0x000000001d3c0000 	/usr/lib/system/libsystem_asl.dylib
0x000000001d3c0000 	/usr/lib/system/libsystem_blocks.dylib
0x000000001d3c0000 	/usr/lib/system/libsystem_c.dylib
0x000000001d3c0000 	/usr/lib/system/libsystem_collections.dylib
0x000000001d3c0000 	/usr/lib/system/libsystem_configuration.dylib
0x000000001d3c0000 	/usr/lib/system/libsystem_containermanager.dylib
0x000000001d3c0000 	/usr/lib/system/libsystem_coreservices.dylib
0x000000001d3c0000 	/usr/lib/system/libsystem_darwin.dylib
0x000000001d3c0000 	/usr/lib/system/libsystem_dnssd.dylib
0x000000001d3c0000 	/usr/lib/system/libsystem_featureflags.dylib
0x000000001d3c0000 	/usr/lib/system/libsystem_info.dylib
0x000000001d3c0000 	/usr/lib/system/libsystem_m.dylib
0x000000001d3c0000 	/usr/lib/system/libsystem_malloc.dylib
0x000000001d3c0000 	/usr/lib/system/libsystem_networkextension.dylib
0x000000001d3c0000 	/usr/lib/system/libsystem_notify.dylib
0x000000001d3c0000 	/usr/lib/system/libsystem_sandbox.dylib
0x000000001d3c0000 	/usr/lib/system/libsystem_secinit.dylib
0x000000001d3c0000 	/usr/lib/system/libsystem_kernel.dylib
0x000000001d3c0000 	/usr/lib/system/libsystem_platform.dylib
0x000000001d3c0000 	/usr/lib/system/libsystem_pthread.dylib
0x000000001d3c0000 	/usr/lib/system/libsystem_symptoms.dylib
0x000000001d3c0000 	/usr/lib/system/libsystem_trace.dylib
0x000000001d3c0000 	/usr/lib/system/libunwind.dylib
0x000000001d3c0000 	/usr/lib/system/libxpc.dylib
0x000000001d3c0000 	/usr/lib/libenergytrace.dylib
0x000000001d3c0000 	/usr/lib/system/libkxld.dylib
0x000000001d3c0000 	/usr/lib/libCoreEntitlements.dylib
0x000000001d3c0000 	/System/Library/PrivateFrameworks/MessageSecurity.framework/Versions/A/MessageSecurity
0x000000001d3c0000 	/System/Library/PrivateFrameworks/ProtocolBuffer.framework/Versions/A/ProtocolBuffer
0x000000001d3c0000 	/System/Library/PrivateFrameworks/AppleFSCompression.framework/Versions/A/AppleFSCompression
0x000000001d3c0000 	/usr/lib/libcoretls.dylib
0x000000001d3c0000 	/usr/lib/libcoretls_cfhelpers.dylib
0x000000001d3c0000 	/usr/lib/libpam.2.dylib
0x000000001d3c0000 	/usr/lib/libxar.1.dylib
0x000000001d3c0000 	/System/Library/PrivateFrameworks/CoreAutoLayout.framework/Versions/A/CoreAutoLayout
0x000000001d3c0000 	/System/Library/Frameworks/DiskArbitration.framework/Versions/A/DiskArbitration
0x000000001d3c0000 	/usr/lib/libarchive.2.dylib
0x000000001d3c0000 	/usr/lib/liblangid.dylib
0x000000001d3c0000 	/System/Library/Frameworks/Combine.framework/Versions/A/Combine
0x000000001d3c0000 	/usr/lib/swift/libswiftCore.dylib
0x000000001d3c0000 	/usr/lib/swift/libswiftCoreFoundation.dylib
0x000000001d3c0000 	/usr/lib/swift/libswiftDarwin.dylib
0x000000001d3c0000 	/usr/lib/swift/libswiftDispatch.dylib
0x000000001d3c0000 	/usr/lib/swift/libswiftIOKit.dylib
0x000000001d3c0000 	/usr/lib/swift/libswiftObjectiveC.dylib
0x000000001d3c0000 	/usr/lib/swift/libswiftXPC.dylib
0x000000001d3c0000 	/usr/lib/swift/libswift_Concurrency.dylib
0x000000001d3c0000 	/usr/lib/swift/libswift_StringProcessing.dylib
0x000000001d3c0000 	/usr/lib/swift/libswiftos.dylib
0x000000001d3c0000 	/System/Library/PrivateFrameworks/AppleSystemInfo.framework/Versions/A/AppleSystemInfo
0x000000001d3c0000 	/System/Library/PrivateFrameworks/IOMobileFramebuffer.framework/Versions/A/IOMobileFramebuffer
0x000000001d3c0000 	/usr/lib/libpcap.A.dylib
0x000000001d3c0000 	/usr/lib/libdns_services.dylib
0x000000001d3c0000 	/usr/lib/liblzma.5.dylib
0x000000001d3c0000 	/usr/lib/libbz2.1.0.dylib
0x000000001d3c0000 	/usr/lib/libiconv.2.dylib
0x000000001d3c0000 	/usr/lib/libcharset.1.dylib
0x000000001d3c0000 	/usr/lib/swift/libswift_RegexParser.dylib
0x000000001d3c0000 	/usr/lib/libheimdal-asn1.dylib
0x000000001d3c0000 	/usr/lib/libCheckFix.dylib
0x000000001d3c0000 	/System/Library/PrivateFrameworks/TCC.framework/Versions/A/TCC
0x000000001d3c0000 	/System/Library/PrivateFrameworks/CoreNLP.framework/Versions/A/CoreNLP
0x000000001d3c0000 	/System/Library/PrivateFrameworks/MetadataUtilities.framework/Versions/A/MetadataUtilities
0x000000001d3c0000 	/usr/lib/libmecab.dylib
0x000000001d3c0000 	/usr/lib/libCRFSuite.dylib
0x000000001d3c0000 	/usr/lib/libgermantok.dylib
0x000000001d3c0000 	/usr/lib/libThaiTokenizer.dylib
0x000000001d3c0000 	/System/Library/Frameworks/Accelerate.framework/Versions/A/Frameworks/vImage.framework/Versions/A/vImage
0x000000001d3c0000 	/System/Library/Frameworks/Accelerate.framework/Versions/A/Frameworks/vecLib.framework/Versions/A/vecLib
0x000000001d3c0000 	/System/Library/Frameworks/Accelerate.framework/Versions/A/Frameworks/vecLib.framework/Versions/A/libvMisc.dylib
0x000000001d3c0000 	/System/Library/Frameworks/Accelerate.framework/Versions/A/Frameworks/vecLib.framework/Versions/A/libvDSP.dylib
0x000000001d3c0000 	/System/Library/Frameworks/Accelerate.framework/Versions/A/Frameworks/vecLib.framework/Versions/A/libBLAS.dylib
0x000000001d3c0000 	/System/Library/Frameworks/Accelerate.framework/Versions/A/Frameworks/vecLib.framework/Versions/A/libLAPACK.dylib
0x000000001d3c0000 	/System/Library/Frameworks/Accelerate.framework/Versions/A/Frameworks/vecLib.framework/Versions/A/libLinearAlgebra.dylib
0x000000001d3c0000 	/System/Library/Frameworks/Accelerate.framework/Versions/A/Frameworks/vecLib.framework/Versions/A/libSparseBLAS.dylib
0x000000001d3c0000 	/System/Library/Frameworks/Accelerate.framework/Versions/A/Frameworks/vecLib.framework/Versions/A/libQuadrature.dylib
0x000000001d3c0000 	/System/Library/Frameworks/Accelerate.framework/Versions/A/Frameworks/vecLib.framework/Versions/A/libBNNS.dylib
0x000000001d3c0000 	/System/Library/Frameworks/Accelerate.framework/Versions/A/Frameworks/vecLib.framework/Versions/A/libSparse.dylib
0x000000001d3c0000 	/System/Library/PrivateFrameworks/MIL.framework/Versions/A/MIL
0x000000001d3c0000 	/System/Library/Frameworks/OpenDirectory.framework/Versions/A/Frameworks/CFOpenDirectory.framework/Versions/A/CFOpenDirectory
0x000000001d3c0000 	/System/Library/Frameworks/OpenDirectory.framework/Versions/A/OpenDirectory
0x000000001d3c0000 	/System/Library/PrivateFrameworks/APFS.framework/Versions/A/APFS
0x000000001d3c0000 	/System/Library/Frameworks/SecurityFoundation.framework/Versions/A/SecurityFoundation
0x000000001d3c0000 	/usr/lib/libutil.dylib
0x000000001d3c0000 	/System/Library/PrivateFrameworks/InstalledContentLibrary.framework/Versions/A/InstalledContentLibrary
0x000000001d3c0000 	/System/Library/PrivateFrameworks/CoreServicesStore.framework/Versions/A/CoreServicesStore
0x000000001d3c0000 	/usr/lib/libapp_launch_measurement.dylib
0x000000001d3c0000 	/System/Library/PrivateFrameworks/AppleMobileFileIntegrity.framework/Versions/A/AppleMobileFileIntegrity
0x000000001d3c0000 	/usr/lib/libmis.dylib
0x000000001d3c0000 	/System/Library/PrivateFrameworks/MobileSystemServices.framework/Versions/A/MobileSystemServices
0x000000001d3c0000 	/System/Library/PrivateFrameworks/ConfigProfileHelper.framework/Versions/A/ConfigProfileHelper
0x000000001d3c0000 	/System/Library/PrivateFrameworks/AppleSauce.framework/Versions/A/AppleSauce
0x000000001d3c0000 	/System/Library/PrivateFrameworks/LanguageModeling.framework/Versions/A/LanguageModeling
0x000000001d3c0000 	/usr/lib/libxslt.1.dylib
0x000000001d3c0000 	/usr/lib/libcmph.dylib
0x000000001d3c0000 	/System/Library/PrivateFrameworks/CoreEmoji.framework/Versions/A/CoreEmoji
0x000000001d3c0000 	/System/Library/PrivateFrameworks/LinguisticData.framework/Versions/A/LinguisticData
0x000000001d3c0000 	/System/Library/PrivateFrameworks/Lexicon.framework/Versions/A/Lexicon
0x000000001d3c0000 	/System/Library/PrivateFrameworks/BackgroundTaskManagement.framework/Versions/A/BackgroundTaskManagement
0x000000001d3c0000 	/usr/lib/libTLE.dylib
0x000000001d3c0000 	/System/Library/PrivateFrameworks/AppleJPEG.framework/Versions/A/AppleJPEG
0x000000001d3c0000 	/usr/lib/libexpat.1.dylib
0x000000001d3c0000 	/System/Library/Frameworks/ImageIO.framework/Versions/A/Resources/libPng.dylib
0x000000001d3c0000 	/System/Library/Frameworks/ImageIO.framework/Versions/A/Resources/libTIFF.dylib
0x000000001d3c0000 	/System/Library/Frameworks/ImageIO.framework/Versions/A/Resources/libGIF.dylib
0x000000001d3c0000 	/System/Library/Frameworks/ImageIO.framework/Versions/A/Resources/libJP2.dylib
0x000000001d3c0000 	/usr/lib/libate.dylib
0x000000001d3c0000 	/System/Library/Frameworks/ImageIO.framework/Versions/A/Resources/libJPEG.dylib
0x000000001d3c0000 	/System/Library/Frameworks/ImageIO.framework/Versions/A/Resources/libRadiance.dylib
0x000000001d3c0000 	/System/Library/PrivateFrameworks/GPUWrangler.framework/Versions/A/GPUWrangler
0x000000001d3c0000 	/System/Library/PrivateFrameworks/IOPresentment.framework/Versions/A/IOPresentment
0x000000001d3c0000 	/System/Library/PrivateFrameworks/DSExternalDisplay.framework/Versions/A/DSExternalDisplay
0x000000001d3c0000 	/System/Library/PrivateFrameworks/GPUCompiler.framework/Versions/31001/Libraries/libllvm-flatbuffers.dylib
0x000000001d3c0000 	/System/Library/Frameworks/OpenGL.framework/Versions/A/Libraries/libCoreFSCache.dylib
0x000000001d3c0000 	/System/Library/PrivateFrameworks/GPUCompiler.framework/Versions/31001/Libraries/libGPUCompilerUtils.dylib
0x000000001d3c0000 	/System/Library/PrivateFrameworks/CMCaptureCore.framework/Versions/A/CMCaptureCore
0x000000001d3c0000 	/usr/lib/libspindump.dylib
0x000000001d3c0000 	/System/Library/Frameworks/CoreAudio.framework/Versions/A/CoreAudio
0x000000001d3c0000 	/System/Library/Frameworks/ExtensionFoundation.framework/Versions/A/ExtensionFoundation
0x000000001d3c0000 	/System/Library/PrivateFrameworks/CoreTime.framework/Versions/A/CoreTime
0x000000001d3c0000 	/System/Library/PrivateFrameworks/AppServerSupport.framework/Versions/A/AppServerSupport
0x000000001d3c0000 	/System/Library/PrivateFrameworks/perfdata.framework/Versions/A/perfdata
0x000000001d3c0000 	/System/Library/PrivateFrameworks/AudioToolboxCore.framework/Versions/A/AudioToolboxCore
0x000000001d3c0000 	/System/Library/PrivateFrameworks/caulk.framework/Versions/A/caulk
0x000000001d3c0000 	/usr/lib/libAudioStatistics.dylib
0x000000001d3c0000 	/System/Library/PrivateFrameworks/SystemPolicy.framework/Versions/A/SystemPolicy
0x000000001d3c0000 	/usr/lib/libSMC.dylib
0x000000001d3c0000 	/System/Library/Frameworks/CoreMIDI.framework/Versions/A/CoreMIDI
0x000000001d3c0000 	/usr/lib/libAudioToolboxUtility.dylib
0x000000001d3c0000 	/System/Library/PrivateFrameworks/OSAServicesClient.framework/Versions/A/OSAServicesClient
0x000000001d3c0000 	/usr/lib/libperfcheck.dylib
0x000000001d3c0000 	/System/Library/PrivateFrameworks/PlugInKit.framework/Versions/A/PlugInKit
0x000000001d3c0000 	/System/Library/PrivateFrameworks/AssertionServices.framework/Versions/A/AssertionServices
0x000000001d3c0000 	/System/Library/Frameworks/OpenGL.framework/Versions/A/OpenGL
0x000000001d3c0000 	/System/Library/Frameworks/OpenGL.framework/Versions/A/Libraries/libGLU.dylib
0x000000001d3c0000 	/System/Library/Frameworks/OpenGL.framework/Versions/A/Libraries/libGFXShared.dylib
0x000000001d3c0000 	/System/Library/Frameworks/OpenGL.framework/Versions/A/Libraries/libGL.dylib
0x000000001d3c0000 	/System/Library/Frameworks/OpenGL.framework/Versions/A/Libraries/libGLImage.dylib
0x000000001d3c0000 	/System/Library/Frameworks/OpenGL.framework/Versions/A/Libraries/libCVMSPluginSupport.dylib
0x000000001d3c0000 	/usr/lib/libRosetta.dylib
0x000000001d3c0000 	/System/Library/Frameworks/OpenGL.framework/Versions/A/Libraries/libCoreVMClient.dylib
0x000000001d3c0000 	/System/Library/Frameworks/MetalPerformanceShaders.framework/Versions/A/Frameworks/MPSCore.framework/Versions/A/MPSCore
0x000000001d3c0000 	/System/Library/Frameworks/MetalPerformanceShaders.framework/Versions/A/Frameworks/MPSImage.framework/Versions/A/MPSImage
0x000000001d3c0000 	/System/Library/Frameworks/MetalPerformanceShaders.framework/Versions/A/Frameworks/MPSNeuralNetwork.framework/Versions/A/MPSNeuralNetwork
0x000000001d3c0000 	/System/Library/Frameworks/MetalPerformanceShaders.framework/Versions/A/Frameworks/MPSMatrix.framework/Versions/A/MPSMatrix
0x000000001d3c0000 	/System/Library/Frameworks/MetalPerformanceShaders.framework/Versions/A/Frameworks/MPSRayIntersector.framework/Versions/A/MPSRayIntersector
0x000000001d3c0000 	/System/Library/Frameworks/MetalPerformanceShaders.framework/Versions/A/Frameworks/MPSNDArray.framework/Versions/A/MPSNDArray
0x000000001d3c0000 	/System/Library/Frameworks/MetalPerformanceShaders.framework/Versions/A/Frameworks/MPSFunctions.framework/Versions/A/MPSFunctions
0x000000001d3c0000 	/System/Library/PrivateFrameworks/MetalTools.framework/Versions/A/MetalTools
0x000000001d3c0000 	/System/Library/PrivateFrameworks/AggregateDictionary.framework/Versions/A/AggregateDictionary
0x000000001d3c0000 	/usr/lib/libIOReport.dylib
0x000000001d3c0000 	/System/Library/Frameworks/CoreImage.framework/Versions/A/CoreImage
0x000000001d3c0000 	/System/Library/Frameworks/OpenCL.framework/Versions/A/OpenCL
0x000000001d3c0000 	/System/Library/PrivateFrameworks/GraphVisualizer.framework/Versions/A/GraphVisualizer
0x000000001d3c0000 	/System/Library/PrivateFrameworks/FontServices.framework/Versions/A/FontServices
0x000000001d3c0000 	/System/Library/Frameworks/UniformTypeIdentifiers.framework/Versions/A/UniformTypeIdentifiers
0x000000001d3c0000 	/System/Library/PrivateFrameworks/OTSVG.framework/Versions/A/OTSVG
0x000000001d3c0000 	/System/Library/Frameworks/ApplicationServices.framework/Versions/A/Frameworks/ATS.framework/Versions/A/Resources/libFontRegistry.dylib
0x000000001d3c0000 	/System/Library/PrivateFrameworks/FontServices.framework/libhvf.dylib
0x000000001d3c0000 	/System/Library/PrivateFrameworks/FontServices.framework/libXTFontStaticRegistryData.dylib
0x000000001d3c0000 	/System/Library/PrivateFrameworks/VideoToolboxParavirtualizationSupport.framework/Versions/A/VideoToolboxParavirtualizationSupport
0x000000001d3c0000 	/System/Library/PrivateFrameworks/AppleVA.framework/Versions/A/AppleVA
0x000000001d3c0000 	/System/Library/Frameworks/ApplicationServices.framework/Versions/A/Frameworks/ATSUI.framework/Versions/A/ATSUI
0x000000001d3c0000 	/usr/lib/libcups.2.dylib
0x000000001d3c0000 	/System/Library/Frameworks/Kerberos.framework/Versions/A/Kerberos
0x000000001d3c0000 	/System/Library/Frameworks/GSS.framework/Versions/A/GSS
0x000000001d3c0000 	/usr/lib/libresolv.9.dylib
0x000000001d3c0000 	/System/Library/PrivateFrameworks/Heimdal.framework/Versions/A/Heimdal
0x000000001d3c0000 	/System/Library/Frameworks/Kerberos.framework/Versions/A/Libraries/libHeimdalProxy.dylib
0x000000001d3c0000 	/System/Library/PrivateFrameworks/CommonAuth.framework/Versions/A/CommonAuth
0x000000001d3c0000 	/System/Library/Frameworks/AVFAudio.framework/Versions/A/AVFAudio
0x000000001d3c0000 	/System/Library/PrivateFrameworks/AXCoreUtilities.framework/Versions/A/AXCoreUtilities
0x000000001d3c0000 	/System/Library/Frameworks/AudioToolbox.framework/Versions/A/AudioToolbox
0x000000001d3c0000 	/System/Library/PrivateFrameworks/AudioSession.framework/Versions/A/AudioSession
0x000000001d3c0000 	/System/Library/Frameworks/IOBluetooth.framework/Versions/A/IOBluetooth
0x000000001d3c0000 	/System/Library/PrivateFrameworks/MediaExperience.framework/Versions/A/MediaExperience
0x000000001d3c0000 	/System/Library/PrivateFrameworks/AudioSession.framework/libSessionUtility.dylib
0x000000001d3c0000 	/System/Library/PrivateFrameworks/AudioResourceArbitration.framework/Versions/A/AudioResourceArbitration
0x000000001d3c0000 	/System/Library/PrivateFrameworks/PowerLog.framework/Versions/A/PowerLog
0x000000001d3c0000 	/System/Library/Frameworks/CoreData.framework/Versions/A/CoreData
0x000000001d3c0000 	/System/Library/Frameworks/CoreBluetooth.framework/Versions/A/CoreBluetooth
0x000000001d3c0000 	/System/Library/Frameworks/AudioUnit.framework/Versions/A/AudioUnit
0x000000001d3c0000 	/System/Library/PrivateFrameworks/CoreUtils.framework/Versions/A/CoreUtils
0x000000001d3c0000 	/System/Library/PrivateFrameworks/CoreUtilsExtras.framework/Versions/A/CoreUtilsExtras
0x000000001d3c0000 	/System/Library/PrivateFrameworks/IO80211.framework/Versions/A/IO80211
0x000000001d3c0000 	/System/Library/PrivateFrameworks/MobileKeyBag.framework/Versions/A/MobileKeyBag
0x000000001d3c0000 	/System/Library/Frameworks/Cocoa.framework/Versions/A/Cocoa
0x000000001d3c0000 	/System/Library/Frameworks/AppKit.framework/Versions/C/AppKit
0x000000001d3c0000 	/System/Library/PrivateFrameworks/UIFoundation.framework/Versions/A/UIFoundation
0x000000001d3c0000 	/System/Library/PrivateFrameworks/CollectionViewCore.framework/Versions/A/CollectionViewCore
0x000000001d3c0000 	/System/Library/PrivateFrameworks/RemoteViewServices.framework/Versions/A/RemoteViewServices
0x000000001d3c0000 	/System/Library/PrivateFrameworks/XCTTargetBootstrap.framework/Versions/A/XCTTargetBootstrap
0x000000001d3c0000 	/System/Library/PrivateFrameworks/InternationalSupport.framework/Versions/A/InternationalSupport
0x000000001d3c0000 	/System/Library/PrivateFrameworks/UserActivity.framework/Versions/A/UserActivity
0x000000001d3c0000 	/System/Library/PrivateFrameworks/WindowManagement.framework/Versions/A/WindowManagement
0x000000001d3c0000 	/System/Library/PrivateFrameworks/CoreSVG.framework/Versions/A/CoreSVG
0x000000001d3c0000 	/System/Library/PrivateFrameworks/IconServices.framework/Versions/A/IconServices
0x000000001d3c0000 	/System/Library/PrivateFrameworks/DFRFoundation.framework/Versions/A/DFRFoundation
0x000000001d3c0000 	/System/Library/PrivateFrameworks/DataDetectorsCore.framework/Versions/A/DataDetectorsCore
0x000000001d3c0000 	/System/Library/PrivateFrameworks/TextInput.framework/Versions/A/TextInput
0x000000001d3c0000 	/System/Library/Frameworks/Carbon.framework/Versions/A/Frameworks/HIToolbox.framework/Versions/A/HIToolbox
0x000000001d3c0000 	/System/Library/Frameworks/Carbon.framework/Versions/A/Frameworks/SpeechRecognition.framework/Versions/A/SpeechRecognition
0x000000001d3c0000 	/System/Library/PrivateFrameworks/CoreUI.framework/Versions/A/CoreUI
0x000000001d3c0000 	/System/Library/PrivateFrameworks/PerformanceAnalysis.framework/Versions/A/PerformanceAnalysis
0x000000001d3c0000 	/System/Library/PrivateFrameworks/TextureIO.framework/Versions/A/TextureIO
0x000000001d3c0000 	/System/Library/PrivateFrameworks/IconFoundation.framework/Versions/A/IconFoundation
0x000000001d3c0000 	/System/Library/PrivateFrameworks/SpeechRecognitionCore.framework/Versions/A/SpeechRecognitionCore
0x000000001d3c0000 	/usr/lib/libstdc++.6.dylib
0x000000001d3c0000 	/System/Library/Frameworks/FileProvider.framework/Versions/A/FileProvider
0x000000001d3c0000 	/System/Library/Frameworks/Accounts.framework/Versions/A/Accounts
0x000000001d3c0000 	/System/Library/PrivateFrameworks/UserManagement.framework/Versions/A/UserManagement
0x000000001d3c0000 	/System/Library/PrivateFrameworks/GenerationalStorage.framework/Versions/A/GenerationalStorage
0x000000001d3c0000 	/System/Library/PrivateFrameworks/CoreSymbolication.framework/Versions/A/CoreSymbolication
0x000000001d3c0000 	/System/Library/PrivateFrameworks/SymptomDiagnosticReporter.framework/Versions/A/SymptomDiagnosticReporter
0x000000001d3c0000 	/System/Library/PrivateFrameworks/DesktopServicesPriv.framework/Versions/A/DesktopServicesPriv
0x000000001d3c0000 	/usr/lib/libsandbox.1.dylib
0x000000001d3c0000 	/System/Library/PrivateFrameworks/DebugSymbols.framework/Versions/A/DebugSymbols
0x000000001d3c0000 	/System/Library/PrivateFrameworks/NetAuth.framework/Versions/A/NetAuth
0x000000001d3c0000 	/System/Library/PrivateFrameworks/Sharing.framework/Versions/A/Sharing
0x000000001d3c0000 	/System/Library/PrivateFrameworks/login.framework/Versions/A/Frameworks/loginsupport.framework/Versions/A/loginsupport
0x000000001d3c0000 	/System/Library/PrivateFrameworks/Apple80211.framework/Versions/A/Apple80211
0x000000001d3c0000 	/System/Library/PrivateFrameworks/AuthKit.framework/Versions/A/AuthKit
0x000000001d3c0000 	/System/Library/Frameworks/CoreWLAN.framework/Versions/A/CoreWLAN
0x000000001d3c0000 	/System/Library/PrivateFrameworks/CoreWiFi.framework/Versions/A/CoreWiFi
0x000000001d3c0000 	/System/Library/PrivateFrameworks/WiFiPeerToPeer.framework/Versions/A/WiFiPeerToPeer
0x000000001d3c0000 	/System/Library/PrivateFrameworks/FrontBoardServices.framework/Versions/A/FrontBoardServices
0x000000001d3c0000 	/System/Library/PrivateFrameworks/BoardServices.framework/Versions/A/BoardServices
0x000000001d3c0000 	/System/Library/PrivateFrameworks/BackBoardServices.framework/Versions/A/BackBoardServices
0x000000001d3c0000 	/System/Library/Frameworks/UserNotifications.framework/Versions/A/UserNotifications
0x000000001d3c0000 	/System/Library/PrivateFrameworks/CorePhoneNumbers.framework/Versions/A/CorePhoneNumbers
0x000000001d3c0000 	/System/Library/PrivateFrameworks/MultiverseSupport.framework/Versions/A/MultiverseSupport
0x000000001d3c0000 	/System/Library/PrivateFrameworks/RemoteServiceDiscovery.framework/Versions/A/RemoteServiceDiscovery
0x000000001d3c0000 	/System/Library/PrivateFrameworks/DiskManagement.framework/Versions/A/DiskManagement
0x000000001d3c0000 	/System/Library/PrivateFrameworks/AppleIDAuthSupport.framework/Versions/A/AppleIDAuthSupport
0x000000001d3c0000 	/System/Library/PrivateFrameworks/AAAFoundation.framework/Versions/A/AAAFoundation
0x000000001d3c0000 	/System/Library/PrivateFrameworks/KeychainCircle.framework/Versions/A/KeychainCircle
0x000000001d3c0000 	/System/Library/PrivateFrameworks/RemoteXPC.framework/Versions/A/RemoteXPC
0x000000001d3c0000 	/System/Library/PrivateFrameworks/MediaKit.framework/Versions/A/MediaKit
0x000000001d3c0000 	/System/Library/Frameworks/DiscRecording.framework/Versions/A/DiscRecording
0x000000001d3c0000 	/usr/lib/libCoreStorage.dylib
0x000000001d3c0000 	/usr/lib/libcsfde.dylib
0x000000001d3c0000 	/System/Library/PrivateFrameworks/ProtectedCloudStorage.framework/Versions/A/ProtectedCloudStorage
0x000000001d3c0000 	/System/Library/PrivateFrameworks/EFILogin.framework/Versions/A/EFILogin
0x000000001d3c0000 	/System/Library/PrivateFrameworks/OctagonTrust.framework/Versions/A/OctagonTrust
0x000000001d3c0000 	/usr/lib/libMatch.1.dylib
0x000000001d3c0000 	/System/Library/CoreServices/RawCamera.bundle/Contents/MacOS/RawCamera
0x000000001d3c0000 	/System/Library/PrivateFrameworks/MobileAsset.framework/Versions/A/MobileAsset
0x000000001d3c0000 	/System/Library/PrivateFrameworks/SoftwareUpdateCoreSupport.framework/Versions/A/SoftwareUpdateCoreSupport
0x000000001d3c0000 	/System/Library/PrivateFrameworks/SoftwareUpdateCoreConnect.framework/Versions/A/SoftwareUpdateCoreConnect
0x000000001d3c0000 	/System/Library/PrivateFrameworks/StreamingZip.framework/Versions/A/StreamingZip
0x000000001d3c0000 	/System/Library/PrivateFrameworks/MSUDataAccessor.framework/Versions/A/MSUDataAccessor
0x000000001d3c0000 	/usr/lib/libbootpolicy.dylib
0x000000001d3c0000 	/usr/lib/libpartition2_dynamic.dylib
0x000000001d3c0000 	/System/Library/PrivateFrameworks/CMPhoto.framework/Versions/A/CMPhoto
0x000000001d3c0000 	/System/Library/PrivateFrameworks/AppleVPA.framework/Versions/A/AppleVPA
0x000000001d3c0000 	/System/Library/Frameworks/MediaToolbox.framework/Versions/A/MediaToolbox
0x000000001d3c0000 	/System/Library/PrivateFrameworks/CoreAVCHD.framework/Versions/A/CoreAVCHD
0x000000001d3c0000 	/System/Library/Frameworks/MediaAccessibility.framework/Versions/A/MediaAccessibility
0x000000001d3c0000 	/System/Library/PrivateFrameworks/Mangrove.framework/Versions/A/Mangrove
0x000000001d3c0000 	/System/Library/PrivateFrameworks/CoreAUC.framework/Versions/A/CoreAUC
0x0000000115f04000 	/usr/lib/libobjc-trampolines.dylib
0x000000001d3c0000 	/System/Library/Frameworks/Accelerate.framework/Versions/A/Frameworks/vImage.framework/Versions/A/Libraries/libCGInterfaces.dylib
0x000000001d3c0000 	/System/Library/PrivateFrameworks/ViewBridge.framework/Versions/A/ViewBridge
0x000000001d3c0000 	/usr/lib/libAccessibilityBaseImplementations.dylib
0x000000011eeb4000 	/System/Library/Frameworks/FileProvider.framework/OverrideBundles/CloudDocsFileProvider.bundle/Contents/MacOS/CloudDocsFileProvider
0x000000001d3c0000 	/System/Library/PrivateFrameworks/CloudDocs.framework/Versions/A/CloudDocs
0x000000001d3c0000 	/System/Library/PrivateFrameworks/AppleAccount.framework/Versions/A/AppleAccount
0x000000001d3c0000 	/System/Library/Frameworks/CloudKit.framework/Versions/A/CloudKit
0x000000001d3c0000 	/System/Library/PrivateFrameworks/AppContainer.framework/Versions/A/AppContainer
0x000000001d3c0000 	/System/Library/PrivateFrameworks/IDS.framework/Versions/A/IDS
0x000000001d3c0000 	/System/Library/PrivateFrameworks/AppleIDSSOAuthentication.framework/Versions/A/AppleIDSSOAuthentication
0x000000001d3c0000 	/System/Library/PrivateFrameworks/ApplePushService.framework/Versions/A/ApplePushService
0x000000001d3c0000 	/System/Library/PrivateFrameworks/AppSupport.framework/Versions/A/AppSupport
0x000000001d3c0000 	/System/Library/PrivateFrameworks/IMFoundation.framework/Versions/A/IMFoundation
0x000000001d3c0000 	/System/Library/PrivateFrameworks/Marco.framework/Versions/A/Marco
0x000000001d3c0000 	/System/Library/PrivateFrameworks/IDSFoundation.framework/Versions/A/IDSFoundation
0x000000001d3c0000 	/System/Library/PrivateFrameworks/CommonUtilities.framework/Versions/A/CommonUtilities
0x000000001d3c0000 	/System/Library/PrivateFrameworks/FTServices.framework/Versions/A/FTServices
0x000000001d3c0000 	/System/Library/PrivateFrameworks/Engram.framework/Versions/A/Engram
0x000000001d3c0000 	/usr/lib/libtidy.A.dylib
0x000000001d3c0000 	/System/Library/PrivateFrameworks/Bom.framework/Versions/A/Bom
0x000000001d3c0000 	/usr/lib/libParallelCompression.dylib
0x000000001d3c0000 	/System/Library/PrivateFrameworks/CrashReporterSupport.framework/Versions/A/CrashReporterSupport
0x000000001d3c0000 	/System/Library/PrivateFrameworks/FTAWD.framework/Versions/A/FTAWD
0x000000001d3c0000 	/System/Library/PrivateFrameworks/OSAnalytics.framework/Versions/A/OSAnalytics
0x000000001d3c0000 	/System/Library/PrivateFrameworks/Symbolication.framework/Versions/A/Symbolication
0x000000001d3c0000 	/System/Library/PrivateFrameworks/MallocStackLogging.framework/Versions/A/MallocStackLogging
0x000000001d3c0000 	/System/Library/Frameworks/SharedWithYouCore.framework/Versions/A/SharedWithYouCore
0x000000001d3c0000 	/usr/lib/libBASupport.dylib
0x000000001d3c0000 	/System/Library/Frameworks/AVFoundation.framework/Versions/A/AVFoundation
0x000000001d3c0000 	/System/Library/PrivateFrameworks/C2.framework/Versions/A/C2
0x000000001d3c0000 	/System/Library/Frameworks/CoreLocation.framework/Versions/A/CoreLocation
0x000000001d3c0000 	/System/Library/PrivateFrameworks/CloudKitDistributedSync.framework/Versions/A/CloudKitDistributedSync
0x000000001d3c0000 	/System/Library/Frameworks/PushKit.framework/Versions/A/PushKit
0x000000001d3c0000 	/System/Library/Frameworks/CoreTransferable.framework/Versions/A/CoreTransferable
0x000000001d3c0000 	/System/Library/Frameworks/CryptoKit.framework/Versions/A/CryptoKit
0x000000001d3c0000 	/System/Library/PrivateFrameworks/FeatureFlags.framework/Versions/A/FeatureFlags
0x000000001d3c0000 	/usr/lib/swift/libswiftAVFoundation.dylib
0x000000001d3c0000 	/usr/lib/swift/libswiftCoreAudio.dylib
0x000000001d3c0000 	/usr/lib/swift/libswiftCoreLocation.dylib
0x000000001d3c0000 	/usr/lib/swift/libswiftCoreMIDI.dylib
0x000000001d3c0000 	/usr/lib/swift/libswiftCoreMedia.dylib
0x000000001d3c0000 	/usr/lib/swift/libswiftMetal.dylib
0x000000001d3c0000 	/usr/lib/swift/libswiftQuartzCore.dylib
0x000000001d3c0000 	/usr/lib/swift/libswiftUniformTypeIdentifiers.dylib
0x000000001d3c0000 	/usr/lib/swift/libswiftsimd.dylib
0x000000001d3c0000 	/System/Library/PrivateFrameworks/AVFCore.framework/Versions/A/AVFCore
0x000000001d3c0000 	/System/Library/PrivateFrameworks/AVFCapture.framework/Versions/A/AVFCapture
0x000000001d3c0000 	/System/Library/PrivateFrameworks/AirPlaySync.framework/Versions/A/AirPlaySync
0x000000001d3c0000 	/System/Library/PrivateFrameworks/CMImaging.framework/Versions/A/CMImaging
0x000000001d3c0000 	/System/Library/PrivateFrameworks/Quagga.framework/Versions/A/Quagga
0x000000001d3c0000 	/System/Library/PrivateFrameworks/CMCapture.framework/Versions/A/CMCapture
0x000000001d3c0000 	/System/Library/Frameworks/CoreMediaIO.framework/Versions/A/CoreMediaIO
0x000000001d3c0000 	/System/Library/PrivateFrameworks/LoggingSupport.framework/Versions/A/LoggingSupport
0x000000001d3c0000 	/System/Library/PrivateFrameworks/RTCReporting.framework/Versions/A/RTCReporting
0x000000001d3c0000 	/System/Library/PrivateFrameworks/GeoServices.framework/Versions/A/GeoServices
0x000000001d3c0000 	/System/Library/PrivateFrameworks/LocationSupport.framework/Versions/A/LocationSupport
0x000000001d3c0000 	/System/Library/PrivateFrameworks/GeoServicesCore.framework/Versions/A/GeoServicesCore
0x000000001d3c0000 	/System/Library/PrivateFrameworks/PhoneNumbers.framework/Versions/A/PhoneNumbers
0x000000001d3c0000 	/usr/lib/swift/libswiftNetwork.dylib
0x000000001d3c0000 	/System/Library/PrivateFrameworks/CryptoKitCBridging.framework/Versions/A/CryptoKitCBridging
0x000000001d3c0000 	/System/Library/Frameworks/CryptoTokenKit.framework/Versions/A/CryptoTokenKit
0x000000001d3c0000 	/usr/lib/swift/libswiftCryptoTokenKit.dylib
0x000000001d3c0000 	/System/Library/Frameworks/LocalAuthentication.framework/Versions/A/LocalAuthentication
0x000000001d3c0000 	/System/Library/Frameworks/LocalAuthentication.framework/Support/SharedUtils.framework/Versions/A/SharedUtils
0x000000001d3c0000 	/usr/lib/swift/libswiftCoreGraphics.dylib
0x000000001d3c0000 	/System/Library/PrivateFrameworks/SecCodeWrapper.framework/Versions/A/SecCodeWrapper
0x000000011ee83000 	/System/Library/Frameworks/FileProvider.framework/OverrideBundles/FileProviderOverride.bundle/Contents/MacOS/FileProviderOverride
0x00000001207ac000 	/System/Library/Frameworks/FileProvider.framework/OverrideBundles/FinderSyncCollaborationFileProviderOverride.bundle/Contents/MacOS/FinderSyncCollaborationFileProviderOverride
0x000000001d3c0000 	/System/Library/PrivateFrameworks/FinderSyncPriv.framework/Versions/A/FinderSyncPriv
0x000000001d3c0000 	/System/Library/PrivateFrameworks/login.framework/Versions/A/login
0x000000001d3c0000 	/usr/lib/libFosl_dynamic.dylib
0x000000001d3c0000 	/usr/lib/libncurses.5.4.dylib
0x000000001d3c0000 	/System/Library/Extensions/AGXMetalG14X.bundle/Contents/MacOS/AGXMetalG14X
0x000000001d3c0000 	/System/Library/PrivateFrameworks/GPURawCounter.framework/Versions/A/GPURawCounter
0x000000001d3c0000 	/System/Library/PrivateFrameworks/IOGPU.framework/Versions/A/IOGPU
0x000000001d3c0000 	/System/Library/PrivateFrameworks/Shortcut.framework/Versions/A/Shortcut
0x000000001d3c0000 	/System/Library/PrivateFrameworks/HelpData.framework/Versions/A/HelpData
0x000000001d3c0000 	/System/Library/PrivateFrameworks/AccessibilityBundles.framework/Versions/A/AccessibilityBundles
0x000000001d3c0000 	/usr/lib/libAccessibility.dylib
0x000000001d3c0000 	/System/Library/PrivateFrameworks/Backup.framework/Versions/A/Backup
0x000000001d3c0000 	/System/Library/Frameworks/Quartz.framework/Versions/A/Quartz
0x000000001d3c0000 	/System/Library/Frameworks/Quartz.framework/Versions/A/Frameworks/QuartzComposer.framework/Versions/A/QuartzComposer
0x000000001d3c0000 	/System/Library/Frameworks/PDFKit.framework/Versions/A/PDFKit
0x000000001d3c0000 	/System/Library/Frameworks/Quartz.framework/Versions/A/Frameworks/QuartzFilters.framework/Versions/A/QuartzFilters
0x000000001d3c0000 	/System/Library/Frameworks/Quartz.framework/Versions/A/Frameworks/ImageKit.framework/Versions/A/ImageKit
0x000000001d3c0000 	/System/Library/Frameworks/QuickLookUI.framework/Versions/A/QuickLookUI
0x000000001d3c0000 	/System/Library/Frameworks/JavaScriptCore.framework/Versions/A/JavaScriptCore
0x000000001d3c0000 	/System/Library/PrivateFrameworks/CorePDF.framework/Versions/A/CorePDF
0x000000001d3c0000 	/System/Library/PrivateFrameworks/URLFormatting.framework/Versions/A/URLFormatting
0x000000001d3c0000 	/System/Library/Frameworks/QuickLook.framework/Versions/A/QuickLook
0x000000001d3c0000 	/System/Library/PrivateFrameworks/DisplayServices.framework/Versions/A/DisplayServices
0x000000001d3c0000 	/System/Library/Frameworks/ImageCaptureCore.framework/Versions/A/ImageCaptureCore
0x000000001d3c0000 	/System/Library/Frameworks/MetalKit.framework/Versions/A/MetalKit
0x000000001d3c0000 	/System/Library/PrivateFrameworks/VisionKitCore.framework/Versions/A/VisionKitCore
0x000000001d3c0000 	/System/Library/PrivateFrameworks/QuickLookSupport.framework/Versions/A/QuickLookSupport
0x000000001d3c0000 	/System/Library/Frameworks/QuickLookThumbnailing.framework/Versions/A/QuickLookThumbnailing
0x000000001d3c0000 	/System/Library/PrivateFrameworks/CoreBrightness.framework/Versions/A/CoreBrightness
0x000000001d3c0000 	/System/Library/PrivateFrameworks/HID.framework/Versions/A/HID
0x000000001d3c0000 	/System/Library/Frameworks/SafariServices.framework/Versions/A/SafariServices
0x000000001d3c0000 	/System/Library/PrivateFrameworks/QuickLookNonBaseSystem.framework/Versions/A/QuickLookNonBaseSystem
0x000000001d3c0000 	/System/Library/PrivateFrameworks/MarkupUI.framework/Versions/A/MarkupUI
0x000000001d3c0000 	/System/Library/PrivateFrameworks/SidecarCore.framework/Versions/A/SidecarCore
0x000000001d3c0000 	/System/Library/PrivateFrameworks/AnnotationKit.framework/Versions/A/AnnotationKit
0x000000001d3c0000 	/System/Library/PrivateFrameworks/DataDetectors.framework/Versions/A/DataDetectors
0x000000001d3c0000 	/System/Library/PrivateFrameworks/MediaAnalysisServices.framework/Versions/A/MediaAnalysisServices
0x000000001d3c0000 	/System/Library/Frameworks/Vision.framework/Versions/A/Vision
0x000000001d3c0000 	/System/Library/PrivateFrameworks/RevealCore.framework/Versions/A/RevealCore
0x000000001d3c0000 	/System/Library/PrivateFrameworks/Reveal.framework/Versions/A/Reveal
0x000000001d3c0000 	/System/Library/PrivateFrameworks/TextRecognition.framework/Versions/A/TextRecognition
0x000000001d3c0000 	/System/Library/PrivateFrameworks/Translation.framework/Versions/A/Translation
0x000000001d3c0000 	/System/Library/PrivateFrameworks/Lookup.framework/Versions/A/Lookup
0x000000001d3c0000 	/System/Library/Frameworks/WebKit.framework/Versions/A/WebKit
0x000000001d3c0000 	/System/Library/PrivateFrameworks/AddressBookCore.framework/Versions/A/AddressBookCore
0x000000001d3c0000 	/System/Library/Frameworks/NaturalLanguage.framework/Versions/A/NaturalLanguage
0x000000001d3c0000 	/System/Library/Frameworks/Carbon.framework/Versions/A/Carbon
0x000000001d3c0000 	/System/Library/Frameworks/CoreML.framework/Versions/A/CoreML
0x000000001d3c0000 	/System/Library/PrivateFrameworks/Montreal.framework/Versions/A/Montreal
0x000000001d3c0000 	/System/Library/Frameworks/MLCompute.framework/Versions/A/MLCompute
0x000000001d3c0000 	/System/Library/PrivateFrameworks/Espresso.framework/Versions/A/Espresso
0x000000001d3c0000 	/System/Library/PrivateFrameworks/MLAssetIO.framework/Versions/A/MLAssetIO
0x000000001d3c0000 	/System/Library/Frameworks/MetalPerformanceShadersGraph.framework/Versions/A/MetalPerformanceShadersGraph
0x000000001d3c0000 	/System/Library/PrivateFrameworks/ANECompiler.framework/Versions/A/ANECompiler
0x000000001d3c0000 	/System/Library/PrivateFrameworks/AppleNeuralEngine.framework/Versions/A/AppleNeuralEngine
0x000000001d3c0000 	/System/Library/PrivateFrameworks/ANEServices.framework/Versions/A/ANEServices
0x000000001d3c0000 	/System/Library/PrivateFrameworks/MilAneflow.framework/Versions/A/MilAneflow
0x000000001d3c0000 	/System/Library/Frameworks/Carbon.framework/Versions/A/Frameworks/CommonPanels.framework/Versions/A/CommonPanels
0x000000001d3c0000 	/System/Library/Frameworks/Carbon.framework/Versions/A/Frameworks/Help.framework/Versions/A/Help
0x000000001d3c0000 	/System/Library/Frameworks/Carbon.framework/Versions/A/Frameworks/ImageCapture.framework/Versions/A/ImageCapture
0x000000001d3c0000 	/System/Library/Frameworks/Carbon.framework/Versions/A/Frameworks/OpenScripting.framework/Versions/A/OpenScripting
0x000000001d3c0000 	/System/Library/Frameworks/Carbon.framework/Versions/A/Frameworks/Ink.framework/Versions/A/Ink
0x000000001d3c0000 	/System/Library/Frameworks/Carbon.framework/Versions/A/Frameworks/Print.framework/Versions/A/Print
0x000000001d3c0000 	/System/Library/Frameworks/Carbon.framework/Versions/A/Frameworks/SecurityHI.framework/Versions/A/SecurityHI
0x000000001d3c0000 	/System/Library/Frameworks/WebKit.framework/Versions/A/Frameworks/WebKitLegacy.framework/Versions/A/WebKitLegacy
0x000000001d3c0000 	/System/Library/Frameworks/WebKit.framework/Versions/A/Frameworks/WebCore.framework/Versions/A/WebCore
0x000000001d3c0000 	/System/Library/PrivateFrameworks/CorePrediction.framework/Versions/A/CorePrediction
0x000000001d3c0000 	/usr/lib/libnetworkextension.dylib
0x000000001d3c0000 	/System/Library/Frameworks/WebKit.framework/Versions/A/Frameworks/WebCore.framework/Versions/A/Frameworks/libwebrtc.dylib
0x000000001d3c0000 	/System/Library/PrivateFrameworks/SafariSafeBrowsing.framework/Versions/A/SafariSafeBrowsing
0x000000001d3c0000 	/System/Library/Frameworks/SecurityInterface.framework/Versions/A/SecurityInterface
0x000000001d3c0000 	/System/Library/PrivateFrameworks/WebInspectorUI.framework/Versions/A/WebInspectorUI
0x000000001d3c0000 	/System/Library/Frameworks/WebKit.framework/Versions/A/Frameworks/WebCore.framework/Versions/A/Frameworks/libANGLE-shared.dylib
0x000000001d3c0000 	/System/Library/PrivateFrameworks/WebGPU.framework/Versions/A/WebGPU
0x000000001d3c0000 	/System/Library/Frameworks/NetworkExtension.framework/Versions/A/NetworkExtension
0x000000001d3c0000 	/System/Library/Frameworks/SceneKit.framework/Versions/A/SceneKit
0x000000001d3c0000 	/System/Library/PrivateFrameworks/CaptiveNetwork.framework/Versions/A/CaptiveNetwork
0x000000001d3c0000 	/System/Library/PrivateFrameworks/EAP8021X.framework/Versions/A/EAP8021X
0x000000001d3c0000 	/System/Library/Frameworks/ModelIO.framework/Versions/A/ModelIO
0x000000001d3c0000 	/System/Library/Frameworks/GLKit.framework/Versions/A/GLKit
0x000000001d3c0000 	/usr/lib/usd/libIex.dylib
0x000000001d3c0000 	/usr/lib/usd/libHalf.dylib
0x000000001d3c0000 	/usr/lib/usd/libAlembic.dylib
0x000000001d3c0000 	/usr/lib/usd/libusd_ms.dylib
0x000000001d3c0000 	/usr/lib/usd/libosdCPU.dylib
0x000000001d3c0000 	/usr/lib/usd/libImath.dylib
0x000000001d3c0000 	/usr/lib/usd/libIlmThread.dylib
0x000000001d3c0000 	/usr/lib/usd/libIexMath.dylib
0x000000001d3c0000 	/usr/lib/usd/libtbb.dylib
0x000000001d3c0000 	/usr/lib/usd/libMaterialXCore.dylib
0x000000001d3c0000 	/usr/lib/usd/libMaterialXFormat.dylib
0x000000001d3c0000 	/System/Library/PrivateFrameworks/USDLib_FormatLoaderProxy.framework/Versions/A/USDLib_FormatLoaderProxy
0x000000001d3c0000 	/System/Library/PrivateFrameworks/CoreOptimization.framework/Versions/A/CoreOptimization
0x000000001d3c0000 	/System/Library/PrivateFrameworks/WirelessDiagnostics.framework/Versions/A/WirelessDiagnostics
0x000000001d3c0000 	/System/Library/PrivateFrameworks/WirelessDiagnostics.framework/Versions/A/Libraries/libAWDSupportFramework.dylib
0x000000001d3c0000 	/System/Library/PrivateFrameworks/WirelessDiagnostics.framework/Versions/A/Libraries/libAWDSupport.dylib
0x000000001d3c0000 	/System/Library/PrivateFrameworks/WirelessDiagnostics.framework/Versions/A/Libraries/libprotobuf-lite.dylib
0x000000001d3c0000 	/usr/lib/libTelephonyUtilDynamic.dylib
0x000000001d3c0000 	/System/Library/PrivateFrameworks/WirelessDiagnostics.framework/Versions/A/Libraries/libprotobuf.dylib
0x000000001d3c0000 	/System/Library/PrivateFrameworks/ContactsPersistence.framework/Versions/A/ContactsPersistence
0x000000001d3c0000 	/System/Library/Frameworks/Contacts.framework/Versions/A/Contacts
0x000000001d3c0000 	/System/Library/PrivateFrameworks/ContactsFoundation.framework/Versions/A/ContactsFoundation
0x000000001d3c0000 	/System/Library/PrivateFrameworks/vCard.framework/Versions/A/vCard
0x000000001d3c0000 	/System/Library/PrivateFrameworks/ContactsMetrics.framework/Versions/A/ContactsMetrics
0x000000001d3c0000 	/System/Library/PrivateFrameworks/AppleLDAP.framework/Versions/A/AppleLDAP
0x000000001d3c0000 	/System/Library/Frameworks/ClassKit.framework/Versions/A/ClassKit
0x000000001d3c0000 	/System/Library/PrivateFrameworks/CoreSuggestions.framework/Versions/A/CoreSuggestions
0x000000001d3c0000 	/usr/lib/swift/libswiftOSLog.dylib
0x000000001d3c0000 	/System/Library/Frameworks/Intents.framework/Versions/A/Intents
0x000000001d3c0000 	/System/Library/PrivateFrameworks/ProactiveSupport.framework/Versions/A/ProactiveSupport
0x000000001d3c0000 	/System/Library/Frameworks/CoreSpotlight.framework/Versions/A/CoreSpotlight
0x000000001d3c0000 	/System/Library/PrivateFrameworks/ProactiveEventTracker.framework/Versions/A/ProactiveEventTracker
0x000000001d3c0000 	/System/Library/PrivateFrameworks/IntentsFoundation.framework/Versions/A/IntentsFoundation
0x000000001d3c0000 	/System/Library/PrivateFrameworks/InternationalTextSearch.framework/Versions/A/InternationalTextSearch
0x000000001d3c0000 	/System/Library/PrivateFrameworks/InternalSwiftProtobuf.framework/Versions/A/InternalSwiftProtobuf
0x000000001d3c0000 	/System/Library/Frameworks/OSLog.framework/Versions/A/OSLog
0x000000001d3c0000 	/System/Library/Frameworks/Vision.framework/libfaceCore.dylib
0x000000001d3c0000 	/System/Library/PrivateFrameworks/Futhark.framework/Versions/A/Futhark
0x000000001d3c0000 	/System/Library/PrivateFrameworks/InertiaCam.framework/Versions/A/InertiaCam
0x000000001d3c0000 	/System/Library/PrivateFrameworks/CVNLP.framework/Versions/A/CVNLP
0x000000001d3c0000 	/System/Library/PrivateFrameworks/TranslationUIServices.framework/Versions/A/TranslationUIServices
0x000000001d3c0000 	/System/Library/PrivateFrameworks/EmbeddedAcousticRecognition.framework/Versions/A/EmbeddedAcousticRecognition
0x000000001d3c0000 	/System/Library/PrivateFrameworks/Osprey.framework/Versions/A/Osprey
0x000000001d3c0000 	/usr/lib/libmorphun.dylib
0x000000001d3c0000 	/System/Library/PrivateFrameworks/SiriInstrumentation.framework/Versions/A/SiriInstrumentation
0x000000001d3c0000 	/System/Library/PrivateFrameworks/SiriAnalytics.framework/Versions/A/SiriAnalytics
0x000000001d3c0000 	/System/Library/PrivateFrameworks/AssistantServices.framework/Versions/A/AssistantServices
0x000000001d3c0000 	/System/Library/Frameworks/SoundAnalysis.framework/Versions/A/SoundAnalysis
0x000000001d3c0000 	/System/Library/PrivateFrameworks/DistributedEvaluation.framework/Versions/A/DistributedEvaluation
0x000000001d3c0000 	/System/Library/PrivateFrameworks/EmojiFoundation.framework/Versions/A/EmojiFoundation
0x000000001d3c0000 	/System/Library/PrivateFrameworks/SDAPI.framework/Versions/A/SDAPI
0x000000001d3c0000 	/System/Library/PrivateFrameworks/DifferentialPrivacy.framework/Versions/A/DifferentialPrivacy
0x000000001d3c0000 	/System/Library/PrivateFrameworks/CoreDuet.framework/Versions/A/CoreDuet
0x000000001d3c0000 	/System/Library/PrivateFrameworks/CoreParsec.framework/Versions/A/CoreParsec
0x000000001d3c0000 	/System/Library/PrivateFrameworks/SearchFoundation.framework/Versions/A/SearchFoundation
0x000000001d3c0000 	/System/Library/PrivateFrameworks/TrialProto.framework/Versions/A/TrialProto
0x000000001d3c0000 	/System/Library/PrivateFrameworks/Trial.framework/Versions/A/Trial
0x000000001d3c0000 	/System/Library/PrivateFrameworks/BiomePubSub.framework/Versions/A/BiomePubSub
0x000000001d3c0000 	/System/Library/Frameworks/CoreTelephony.framework/Versions/A/CoreTelephony
0x000000001d3c0000 	/System/Library/PrivateFrameworks/CoreDuetDaemonProtocol.framework/Versions/A/CoreDuetDaemonProtocol
0x000000001d3c0000 	/System/Library/PrivateFrameworks/Rapport.framework/Versions/A/Rapport
0x000000001d3c0000 	/System/Library/PrivateFrameworks/BiomeFoundation.framework/Versions/A/BiomeFoundation
0x000000001d3c0000 	/System/Library/PrivateFrameworks/PegasusAPI.framework/Versions/A/PegasusAPI
0x000000001d3c0000 	/System/Library/PrivateFrameworks/Seeding.framework/Versions/A/Seeding
0x000000001d3c0000 	/System/Library/PrivateFrameworks/FeedbackLogger.framework/Versions/A/FeedbackLogger
0x000000001d3c0000 	/System/Library/PrivateFrameworks/SAObjects.framework/Versions/A/SAObjects
0x000000001d3c0000 	/System/Library/PrivateFrameworks/MediaRemote.framework/Versions/A/MediaRemote
0x000000001d3c0000 	/System/Library/PrivateFrameworks/MediaServices.framework/Versions/A/MediaServices
0x000000001d3c0000 	/System/Library/PrivateFrameworks/PersistentConnection.framework/Versions/A/PersistentConnection
0x000000001d3c0000 	/System/Library/Frameworks/PencilKit.framework/Versions/A/PencilKit
0x000000001d3c0000 	/System/Library/PrivateFrameworks/SidecarUI.framework/Versions/A/SidecarUI
0x000000001d3c0000 	/System/Library/PrivateFrameworks/CoreHandwriting.framework/Versions/A/CoreHandwriting
0x000000001d3c0000 	/usr/lib/swift/libswiftAppKit.dylib
0x000000001d3c0000 	/usr/lib/swift/libswiftCoreImage.dylib
0x000000001d3c0000 	/usr/lib/libmecabra.dylib
0x000000001d3c0000 	/usr/lib/libChineseTokenizer.dylib
0x000000001d3c0000 	/System/Library/Frameworks/Accessibility.framework/Versions/A/Accessibility
0x000000001d3c0000 	/System/Library/PrivateFrameworks/SystemAdministration.framework/Versions/A/SystemAdministration
0x000000001d3c0000 	/System/Library/Frameworks/DirectoryService.framework/Versions/A/DirectoryService
0x000000001d3c0000 	/System/Library/PrivateFrameworks/DiskImages.framework/Versions/A/DiskImages
0x000000001d3c0000 	/System/Library/Frameworks/ServiceManagement.framework/Versions/A/ServiceManagement
0x000000001d3c0000 	/System/Library/PrivateFrameworks/LoginUIKit.framework/Versions/A/Frameworks/LoginUICore.framework/Versions/A/LoginUICore
0x000000001d3c0000 	/usr/lib/libodfde.dylib
0x000000001d3c0000 	/usr/lib/libcurl.4.dylib
0x000000001d3c0000 	/usr/lib/libcrypto.46.dylib
0x000000001d3c0000 	/usr/lib/libssl.48.dylib
0x000000001d3c0000 	/System/Library/Frameworks/LDAP.framework/Versions/A/LDAP
0x000000001d3c0000 	/System/Library/PrivateFrameworks/TrustEvaluationAgent.framework/Versions/A/TrustEvaluationAgent
0x000000001d3c0000 	/usr/lib/libsasl2.2.dylib
0x000000001d3c0000 	/System/Library/PrivateFrameworks/VoiceShortcutClient.framework/Versions/A/VoiceShortcutClient
0x000000001d3c0000 	/System/Library/PrivateFrameworks/LinkServices.framework/Versions/A/LinkServices
0x000000001d3c0000 	/System/Library/PrivateFrameworks/IntentsCore.framework/Versions/A/IntentsCore
0x000000001d3c0000 	/System/Library/PrivateFrameworks/CoreDuetContext.framework/Versions/A/CoreDuetContext
0x000000001d3c0000 	/System/Library/PrivateFrameworks/LinkMetadata.framework/Versions/A/LinkMetadata
0x000000001d3c0000 	/usr/lib/swift/libswiftFileProvider.dylib
0x000000001d3c0000 	/usr/lib/swift/libswiftIntents.dylib
0x000000001d3c0000 	/usr/lib/swift/libswiftPrivate_BiomePubSub.dylib
0x000000001d3c0000 	/System/Library/PrivateFrameworks/BiomeStreams.framework/Versions/A/BiomeStreams
0x000000001d3c0000 	/System/Library/PrivateFrameworks/Koa.framework/Versions/A/Koa
0x000000001d3c0000 	/System/Library/PrivateFrameworks/BiomeStorage.framework/Versions/A/BiomeStorage
0x000000001d3c0000 	/System/Library/PrivateFrameworks/BiomeFlexibleStorage.framework/Versions/A/BiomeFlexibleStorage
0x000000001d3c0000 	/System/Library/PrivateFrameworks/BiomeDSL.framework/Versions/A/BiomeDSL
0x000000001d3c0000 	/usr/lib/libskit.dylib
0x000000001d3c0000 	/System/Library/PrivateFrameworks/MorphunAssets.framework/Versions/A/MorphunAssets
0x000000001d3c0000 	/System/Library/PrivateFrameworks/PeopleSuggester.framework/Versions/A/PeopleSuggester
0x000000001d3c0000 	/usr/lib/libmarisa.dylib
0x000000012104c000 	/Applications/Stata/utilities/java/macosx-x64/jre1.8.0_31/lib/jli/libjli.dylib
0x000000012a87a000 	/Applications/Stata/utilities/java/macosx-x64/jre1.8.0_31/lib/server/libjvm.dylib
0x0000000121147000 	/Applications/Stata/utilities/java/macosx-x64/jre1.8.0_31/lib/libverify.dylib
0x0000000122085000 	/Applications/Stata/utilities/java/macosx-x64/jre1.8.0_31/lib/libjava.dylib
0x0000000120d96000 	/Applications/Stata/utilities/java/macosx-x64/jre1.8.0_31/lib/libzip.dylib
0x000000001d3c0000 	/System/Library/Frameworks/JavaRuntimeSupport.framework/Versions/A/JavaRuntimeSupport
0x000000001d3c0000 	/System/Library/PrivateFrameworks/SafariPlatformSupport.framework/Versions/A/SafariPlatformSupport
0x000000001d3c0000 	/System/Library/PrivateFrameworks/SafariCore.framework/Versions/A/SafariCore
0x000000001d3c0000 	/System/Library/PrivateFrameworks/SafariFoundation.framework/Versions/A/SafariFoundation
0x000000001d3c0000 	/usr/lib/libxcselect.dylib
0x000000001d3c0000 	/System/Library/PrivateFrameworks/SharedWebCredentials.framework/Versions/A/SharedWebCredentials

VM Arguments:
jvm_args: -Xms16M -Xmx384M -Xss2M -XX:+UseParNewGC -XX:+UseConcMarkSweepGC -XX:MinHeapFreeRatio=40 -XX:MaxHeapFreeRatio=70 -XX:ErrorFile=/dev/null 
java_command: <unknown>
java_class_path (initial): /Applications/Stata/ado/base/:/Applications/Stata/ado/base/jar/:/Applications/Stata/ado/base/jar/libstata-core.jar:/Applications/Stata/ado/base/jar/stata-sfi.jar:/Applications/Stata/ado/base/jar/libdeps-core.jar:./:/Users/felixreichel/Library/Application Support/Stata/ado/plus/:
Launcher Type: generic

Environment Variables:
PATH=/usr/bin:/bin:/usr/sbin:/sbin
SHELL=/bin/zsh
DISPLAY=/private/tmp/com.apple.launchd.7j5CQ8eGh2/org.xquartz:0

Signal Handlers:
SIGSEGV: [libjvm.dylib+0x57a0e7], sa_mask[0]=11111111111111111111111111111111, sa_flags=SA_ONSTACK|SA_RESTART|SA_SIGINFO
SIGBUS: [libjvm.dylib+0x57a0e7], sa_mask[0]=11111111111111111111111111111111, sa_flags=SA_RESTART|SA_SIGINFO
SIGFPE: [libjvm.dylib+0x45af24], sa_mask[0]=11111111111111111111111111111111, sa_flags=SA_RESTART|SA_SIGINFO
SIGPIPE: [libjvm.dylib+0x45af24], sa_mask[0]=11111111111111111111111111111111, sa_flags=SA_RESTART|SA_SIGINFO
SIGXFSZ: [libjvm.dylib+0x45af24], sa_mask[0]=11111111111111111111111111111111, sa_flags=SA_RESTART|SA_SIGINFO
SIGILL: [libjvm.dylib+0x45af24], sa_mask[0]=11111111111111111111111111111111, sa_flags=SA_RESTART|SA_SIGINFO
SIGUSR1: SIG_DFL, sa_mask[0]=00000000000000000000000000000000, sa_flags=none
SIGUSR2: [libjvm.dylib+0x45aa42], sa_mask[0]=00000000000000000000000000000000, sa_flags=SA_RESTART|SA_SIGINFO
SIGHUP: [libjvm.dylib+0x459015], sa_mask[0]=11111111111111111111111111111111, sa_flags=SA_RESTART|SA_SIGINFO
SIGINT: [libjvm.dylib+0x459015], sa_mask[0]=11111111111111111111111111111111, sa_flags=SA_RESTART|SA_SIGINFO
SIGTERM: [libjvm.dylib+0x459015], sa_mask[0]=11111111111111111111111111111111, sa_flags=SA_RESTART|SA_SIGINFO
SIGQUIT: [libjvm.dylib+0x459015], sa_mask[0]=11111111111111111111111111111111, sa_flags=SA_RESTART|SA_SIGINFO


---------------  S Y S T E M  ---------------

OS:Bsduname:Darwin 22.1.0 Darwin Kernel Version 22.1.0: Sun Oct  9 20:19:12 PDT 2022; root:xnu-8792.41.9~3/RELEASE_ARM64_T6020 x86_64
rlimit: STACK 8176k, CORE 0k, NPROC 2666, NOFILE 10240, AS infinity
load average:2.10 1.97 1.89

CPU:total 10 (1 cores per cpu, 1 threads per core) family 6 model 44 stepping 0, cmov, cx8, fxsr, mmx, sse, sse2, sse3, ssse3, sse4.1, sse4.2, popcnt, aes, clmul, tsc, tscinvbit, tscinv

Memory: 4k page, physical 16777216k(19612k free)

/proc/meminfo:


vm_info: Java HotSpot(TM) 64-Bit Server VM (25.31-b07) for bsd-amd64 JRE (1.8.0_31-b13), built on Dec 17 2014 20:45:36 by "java_re" with gcc 4.2.1 (Based on Apple Inc. build 5658) (LLVM build 2336.11.00)

time: Sun Jun 11 03:08:08 2023
elapsed time: 38564 seconds (0d 10h 42m 44s)

